cat
cat/xhip
cat/DSoutlines
cat/milkyway
cat/RealSky
cat/sac
cat/openngc
data
data/common_names
data/constellation
data/earthmap
data/eclipses
data/horizon
data/indi
data/jpleph
data/language
data/milkyway
data/planet
data/sample
data/script
data/stars
data/Themes
data/Themes/default
data/Themes/default/daylight
data/Themes/default/daylight/16x16
data/Themes/default/daylight/22x22
data/Themes/default/daylight/32x32
data/Themes/default/night-vision
data/Themes/default/night-vision/16x16
data/Themes/default/night-vision/22x22
data/Themes/default/night-vision/32x32
data/Themes/old-ugly
data/Themes/old-ugly/daylight
data/Themes/old-ugly/daylight/16x16
data/Themes/old-ugly/daylight/22x22
data/Themes/old-ugly/daylight/32x32
data/Themes/old-ugly/night-vision
data/Themes/old-ugly/night-vision/16x16
data/Themes/old-ugly/night-vision/22x22
data/Themes/old-ugly/night-vision/32x32
data/varobs
doc

