doc
doc/html_doc
doc/html_doc/en
doc/html_doc/en/feature_class_fichiers
doc/html_doc/en/feature_class_fichiers/common.css
doc/html_doc/en/feature_class_fichiers/custom.css
doc/html_doc/en/feature_class.html
doc/html_doc/en/Location_US_Designations.html
doc/html_doc/en/Location_World_Designations.html
doc/html_doc/en/ascomtel.html
doc/html_doc/en/encoder1.gif
doc/html_doc/en/encoder2.gif
doc/html_doc/en/encoder3.gif
doc/html_doc/en/encoder.html
doc/html_doc/en/meade1.gif
doc/html_doc/en/meade2.gif
doc/html_doc/en/meade3.gif
doc/html_doc/en/meade.html
doc/releasenotes_fr.txt
doc/releasenotes_ru.txt
doc/releasenotes.txt
doc/releasenotes_ua.txt
doc/varobs
doc/varobs/varobs.html
